<?xml version="1.0" encoding="UTF-8"?>
<testsuite name="movealarm.kmitl.net.MoveAlarmServerApplicationTests" tests="1" skipped="0" failures="0" errors="0" timestamp="2016-05-30T16:55:43" hostname="oatLatitude" time="0.002">
  <properties/>
  <testcase name="contextLoads" classname="movealarm.kmitl.net.MoveAlarmServerApplicationTests" time="0.002"/>
  <system-out><![CDATA[23:55:39.367 [Test worker] DEBUG o.s.t.c.j.SpringJUnit4ClassRunner - SpringJUnit4ClassRunner constructor called with [class movealarm.kmitl.net.MoveAlarmServerApplicationTests].
23:55:39.376 [Test worker] DEBUG o.s.test.context.BootstrapUtils - Instantiating TestContextBootstrapper from class [org.springframework.test.context.web.WebTestContextBootstrapper]
23:55:39.400 [Test worker] DEBUG o.s.t.c.w.WebTestContextBootstrapper - Found explicit ContextLoader class [org.springframework.boot.test.SpringApplicationContextLoader] for context configuration attributes [ContextConfigurationAttributes@42ac4511 declaringClass = 'movealarm.kmitl.net.MoveAlarmServerApplicationTests', classes = '{class movealarm.kmitl.net.MoveAlarmServerApplication}', locations = '{}', inheritLocations = true, initializers = '{}', inheritInitializers = true, name = [null], contextLoaderClass = 'org.springframework.boot.test.SpringApplicationContextLoader']
23:55:39.408 [Test worker] DEBUG o.s.t.c.support.ActiveProfilesUtils - Could not find an 'annotation declaring class' for annotation type [org.springframework.test.context.ActiveProfiles] and class [movealarm.kmitl.net.MoveAlarmServerApplicationTests]
23:55:39.414 [Test worker] DEBUG o.s.t.c.w.WebTestContextBootstrapper - @TestExecutionListeners is not present for class [movealarm.kmitl.net.MoveAlarmServerApplicationTests]: using defaults.
23:55:39.423 [Test worker] INFO  o.s.t.c.w.WebTestContextBootstrapper - Loaded default TestExecutionListener class names from location [META-INF/spring.factories]: [org.springframework.test.context.web.ServletTestExecutionListener, org.springframework.test.context.support.DependencyInjectionTestExecutionListener, org.springframework.test.context.support.DirtiesContextTestExecutionListener, org.springframework.test.context.transaction.TransactionalTestExecutionListener, org.springframework.test.context.jdbc.SqlScriptsTestExecutionListener]
23:55:39.430 [Test worker] INFO  o.s.t.c.w.WebTestContextBootstrapper - Could not instantiate TestExecutionListener [org.springframework.test.context.jdbc.SqlScriptsTestExecutionListener]. Specify custom listener classes or make the default listener classes (and their required dependencies) available. Offending class: [org/springframework/transaction/interceptor/TransactionAttribute]
23:55:39.432 [Test worker] INFO  o.s.t.c.w.WebTestContextBootstrapper - Could not instantiate TestExecutionListener [org.springframework.test.context.transaction.TransactionalTestExecutionListener]. Specify custom listener classes or make the default listener classes (and their required dependencies) available. Offending class: [org/springframework/transaction/TransactionDefinition]
23:55:39.439 [Test worker] INFO  o.s.t.c.w.WebTestContextBootstrapper - Using TestExecutionListeners: [org.springframework.test.context.web.ServletTestExecutionListener@55b96b58, org.springframework.test.context.support.DependencyInjectionTestExecutionListener@1bc9af02, org.springframework.test.context.support.DirtiesContextTestExecutionListener@12a23d41]
23:55:39.442 [Test worker] DEBUG o.s.t.annotation.ProfileValueUtils - Retrieved @ProfileValueSourceConfiguration [null] for test class [movealarm.kmitl.net.MoveAlarmServerApplicationTests]
23:55:39.443 [Test worker] DEBUG o.s.t.annotation.ProfileValueUtils - Retrieved ProfileValueSource type [class org.springframework.test.annotation.SystemProfileValueSource] for class [movealarm.kmitl.net.MoveAlarmServerApplicationTests]
23:55:39.448 [Test worker] DEBUG o.s.t.annotation.ProfileValueUtils - Retrieved @ProfileValueSourceConfiguration [null] for test class [movealarm.kmitl.net.MoveAlarmServerApplicationTests]
23:55:39.448 [Test worker] DEBUG o.s.t.annotation.ProfileValueUtils - Retrieved ProfileValueSource type [class org.springframework.test.annotation.SystemProfileValueSource] for class [movealarm.kmitl.net.MoveAlarmServerApplicationTests]
23:55:39.451 [Test worker] DEBUG o.s.t.annotation.ProfileValueUtils - Retrieved @ProfileValueSourceConfiguration [null] for test class [movealarm.kmitl.net.MoveAlarmServerApplicationTests]
23:55:39.452 [Test worker] DEBUG o.s.t.annotation.ProfileValueUtils - Retrieved ProfileValueSource type [class org.springframework.test.annotation.SystemProfileValueSource] for class [movealarm.kmitl.net.MoveAlarmServerApplicationTests]
23:55:39.455 [Test worker] DEBUG o.s.t.annotation.ProfileValueUtils - Retrieved @ProfileValueSourceConfiguration [null] for test class [movealarm.kmitl.net.MoveAlarmServerApplicationTests]
23:55:39.457 [Test worker] DEBUG o.s.t.annotation.ProfileValueUtils - Retrieved ProfileValueSource type [class org.springframework.test.annotation.SystemProfileValueSource] for class [movealarm.kmitl.net.MoveAlarmServerApplicationTests]
23:55:39.542 [Test worker] DEBUG o.s.core.env.StandardEnvironment - Adding [systemProperties] PropertySource with lowest search precedence
23:55:39.544 [Test worker] DEBUG o.s.core.env.StandardEnvironment - Adding [systemEnvironment] PropertySource with lowest search precedence
23:55:39.544 [Test worker] DEBUG o.s.core.env.StandardEnvironment - Initialized StandardEnvironment with PropertySources [systemProperties,systemEnvironment]
23:55:39.545 [Test worker] DEBUG o.s.core.env.StandardEnvironment - Adding [integrationTest] PropertySource with search precedence immediately lower than [systemEnvironment]

  .   ____          _            __ _ _
 /\\ / ___'_ __ _ _(_)_ __  __ _ \ \ \ \
( ( )\___ | '_ | '_| | '_ \/ _` | \ \ \ \
 \\/  ___)| |_)| | | | | || (_| |  ) ) ) )
  '  |____| .__|_| |_|_| |_\__, | / / / /
 =========|_|==============|___/=/_/_/_/
 :: Spring Boot ::        (v1.2.6.RELEASE)

2016-05-30 23:55:39.825  INFO 14324 --- [    Test worker] m.k.net.MoveAlarmServerApplicationTests  : Starting MoveAlarmServerApplicationTests on oatLatitude with PID 14324 (/home/oat/Desktop/Move-Move-Alarm-Server/build/classes/test started by oat in /home/oat/Desktop/Move-Move-Alarm-Server)
2016-05-30 23:55:39.885  INFO 14324 --- [    Test worker] o.s.w.c.s.GenericWebApplicationContext   : Refreshing org.springframework.web.context.support.GenericWebApplicationContext@52c15e2c: startup date [Mon May 30 23:55:39 ICT 2016]; root of context hierarchy
2016-05-30 23:55:40.632  INFO 14324 --- [    Test worker] o.s.b.f.s.DefaultListableBeanFactory     : Overriding bean definition for bean 'beanNameViewResolver': replacing [Root bean: class [null]; scope=; abstract=false; lazyInit=false; autowireMode=3; dependencyCheck=0; autowireCandidate=true; primary=false; factoryBeanName=org.springframework.boot.autoconfigure.web.ErrorMvcAutoConfiguration$WhitelabelErrorViewConfiguration; factoryMethodName=beanNameViewResolver; initMethodName=null; destroyMethodName=(inferred); defined in class path resource [org/springframework/boot/autoconfigure/web/ErrorMvcAutoConfiguration$WhitelabelErrorViewConfiguration.class]] with [Root bean: class [null]; scope=; abstract=false; lazyInit=false; autowireMode=3; dependencyCheck=0; autowireCandidate=true; primary=false; factoryBeanName=org.springframework.boot.autoconfigure.web.WebMvcAutoConfiguration$WebMvcAutoConfigurationAdapter; factoryMethodName=beanNameViewResolver; initMethodName=null; destroyMethodName=(inferred); defined in class path resource [org/springframework/boot/autoconfigure/web/WebMvcAutoConfiguration$WebMvcAutoConfigurationAdapter.class]]
2016-05-30 23:55:42.684  INFO 14324 --- [    Test worker] s.w.s.m.m.a.RequestMappingHandlerAdapter : Looking for @ControllerAdvice: org.springframework.web.context.support.GenericWebApplicationContext@52c15e2c: startup date [Mon May 30 23:55:39 ICT 2016]; root of context hierarchy
2016-05-30 23:55:42.760  INFO 14324 --- [    Test worker] s.w.s.m.m.a.RequestMappingHandlerMapping : Mapped "{[/group/findByRank]}" onto public java.lang.String movealarm.kmitl.net.GroupController.findByRank(int,int)
2016-05-30 23:55:42.761  INFO 14324 --- [    Test worker] s.w.s.m.m.a.RequestMappingHandlerMapping : Mapped "{[/group/getGroupRank]}" onto public java.lang.String movealarm.kmitl.net.GroupController.getGroupRank(java.lang.String)
2016-05-30 23:55:42.764  INFO 14324 --- [    Test worker] s.w.s.m.m.a.RequestMappingHandlerMapping : Mapped "{[/group/updateGroup]}" onto public java.lang.String movealarm.kmitl.net.GroupController.updateGroup(java.lang.String)
2016-05-30 23:55:42.767  INFO 14324 --- [    Test worker] s.w.s.m.m.a.RequestMappingHandlerMapping : Mapped "{[/group/deleteMember]}" onto public java.lang.String movealarm.kmitl.net.GroupController.deleteMember(java.lang.String)
2016-05-30 23:55:42.769  INFO 14324 --- [    Test worker] s.w.s.m.m.a.RequestMappingHandlerMapping : Mapped "{[/group/addMember]}" onto public java.lang.String movealarm.kmitl.net.GroupController.addMember(java.lang.String)
2016-05-30 23:55:42.770  INFO 14324 --- [    Test worker] s.w.s.m.m.a.RequestMappingHandlerMapping : Mapped "{[/group/increaseScore]}" onto public java.lang.String movealarm.kmitl.net.GroupController.increaseScore(java.lang.String)
2016-05-30 23:55:42.771  INFO 14324 --- [    Test worker] s.w.s.m.m.a.RequestMappingHandlerMapping : Mapped "{[/group/decreaseScore]}" onto public java.lang.String movealarm.kmitl.net.GroupController.decreaseScore(java.lang.String)
2016-05-30 23:55:42.772  INFO 14324 --- [    Test worker] s.w.s.m.m.a.RequestMappingHandlerMapping : Mapped "{[/group/resetScore]}" onto public java.lang.String movealarm.kmitl.net.GroupController.resetScore(java.lang.String)
2016-05-30 23:55:42.772  INFO 14324 --- [    Test worker] s.w.s.m.m.a.RequestMappingHandlerMapping : Mapped "{[/group/findByID]}" onto public java.lang.String movealarm.kmitl.net.GroupController.findByID(int)
2016-05-30 23:55:42.773  INFO 14324 --- [    Test worker] s.w.s.m.m.a.RequestMappingHandlerMapping : Mapped "{[/group/findByWhere]}" onto public java.lang.String movealarm.kmitl.net.GroupController.where(java.lang.String,java.lang.String,java.lang.String)
2016-05-30 23:55:42.774  INFO 14324 --- [    Test worker] s.w.s.m.m.a.RequestMappingHandlerMapping : Mapped "{[/group/createGroup]}" onto public java.lang.String movealarm.kmitl.net.GroupController.createGroup(java.lang.String)
2016-05-30 23:55:42.775  INFO 14324 --- [    Test worker] s.w.s.m.m.a.RequestMappingHandlerMapping : Mapped "{[/group/delete]}" onto public java.lang.String movealarm.kmitl.net.GroupController.delete(java.lang.String)
2016-05-30 23:55:42.776  INFO 14324 --- [    Test worker] s.w.s.m.m.a.RequestMappingHandlerMapping : Mapped "{[/group/getAllGroups]}" onto public java.lang.String movealarm.kmitl.net.GroupController.all()
2016-05-30 23:55:42.786  INFO 14324 --- [    Test worker] s.w.s.m.m.a.RequestMappingHandlerMapping : Mapped "{[/posture/findByWhere]}" onto public java.lang.String movealarm.kmitl.net.PostureController.findByWhere(java.lang.String,java.lang.String,java.lang.String)
2016-05-30 23:55:42.788  INFO 14324 --- [    Test worker] s.w.s.m.m.a.RequestMappingHandlerMapping : Mapped "{[/posture/getAllPostures]}" onto public java.lang.String movealarm.kmitl.net.PostureController.getAllPostures()
2016-05-30 23:55:42.789  INFO 14324 --- [    Test worker] s.w.s.m.m.a.RequestMappingHandlerMapping : Mapped "{[/posture/addPosture]}" onto public java.lang.String movealarm.kmitl.net.PostureController.addPosture(java.lang.String)
2016-05-30 23:55:42.790  INFO 14324 --- [    Test worker] s.w.s.m.m.a.RequestMappingHandlerMapping : Mapped "{[/posture/editPosture]}" onto public java.lang.String movealarm.kmitl.net.PostureController.editPosture(java.lang.String)
2016-05-30 23:55:42.790  INFO 14324 --- [    Test worker] s.w.s.m.m.a.RequestMappingHandlerMapping : Mapped "{[/posture/remove]}" onto public java.lang.String movealarm.kmitl.net.PostureController.removePosture(java.lang.String)
2016-05-30 23:55:42.791  INFO 14324 --- [    Test worker] s.w.s.m.m.a.RequestMappingHandlerMapping : Mapped "{[/posture/countAllPostures]}" onto public java.lang.String movealarm.kmitl.net.PostureController.countAllPostures()
2016-05-30 23:55:42.796  INFO 14324 --- [    Test worker] s.w.s.m.m.a.RequestMappingHandlerMapping : Mapped "{[/posture/findByID]}" onto public java.lang.String movealarm.kmitl.net.PostureController.findByID(int)
2016-05-30 23:55:42.798  INFO 14324 --- [    Test worker] s.w.s.m.m.a.RequestMappingHandlerMapping : Mapped "{[/test/serverConnection]}" onto public java.lang.String movealarm.kmitl.net.ConnectionTesting.testServerConnection()
2016-05-30 23:55:42.799  INFO 14324 --- [    Test worker] s.w.s.m.m.a.RequestMappingHandlerMapping : Mapped "{[/test/databaseServerConnection]}" onto public java.lang.String movealarm.kmitl.net.ConnectionTesting.testDatabaseServerConnection()
2016-05-30 23:55:42.799  INFO 14324 --- [    Test worker] s.w.s.m.m.a.RequestMappingHandlerMapping : Mapped "{[/test/passParameter]}" onto public java.lang.String movealarm.kmitl.net.ConnectionTesting.testPassParameter(java.lang.String)
2016-05-30 23:55:42.800  INFO 14324 --- [    Test worker] s.w.s.m.m.a.RequestMappingHandlerMapping : Mapped "{[/test/queryingData]}" onto public java.lang.String movealarm.kmitl.net.ConnectionTesting.testQuerying()
2016-05-30 23:55:42.803  INFO 14324 --- [    Test worker] s.w.s.m.m.a.RequestMappingHandlerMapping : Mapped "{[/userProgress/getAllUserLogs]}" onto public java.lang.String movealarm.kmitl.net.UserProgressController.getAllLog(java.lang.String)
2016-05-30 23:55:42.804  INFO 14324 --- [    Test worker] s.w.s.m.m.a.RequestMappingHandlerMapping : Mapped "{[/userProgress/getByDate]}" onto public java.lang.String movealarm.kmitl.net.UserProgressController.getByDate(java.lang.String)
2016-05-30 23:55:42.805  INFO 14324 --- [    Test worker] s.w.s.m.m.a.RequestMappingHandlerMapping : Mapped "{[/userProgress/getByUser]}" onto public java.lang.String movealarm.kmitl.net.UserProgressController.getByUser(java.lang.String)
2016-05-30 23:55:42.805  INFO 14324 --- [    Test worker] s.w.s.m.m.a.RequestMappingHandlerMapping : Mapped "{[/userProgress/save]}" onto public java.lang.String movealarm.kmitl.net.UserProgressController.updateProgress(java.lang.String)
2016-05-30 23:55:42.807  INFO 14324 --- [    Test worker] s.w.s.m.m.a.RequestMappingHandlerMapping : Mapped "{[/user/getUserRank]}" onto public java.lang.String movealarm.kmitl.net.UserController.getUserRank(java.lang.String)
2016-05-30 23:55:42.808  INFO 14324 --- [    Test worker] s.w.s.m.m.a.RequestMappingHandlerMapping : Mapped "{[/user/createUser]}" onto public java.lang.String movealarm.kmitl.net.UserController.createUser(java.lang.String)
2016-05-30 23:55:42.809  INFO 14324 --- [    Test worker] s.w.s.m.m.a.RequestMappingHandlerMapping : Mapped "{[/user/updateUser]}" onto public java.lang.String movealarm.kmitl.net.UserController.updateUser(java.lang.String)
2016-05-30 23:55:42.809  INFO 14324 --- [    Test worker] s.w.s.m.m.a.RequestMappingHandlerMapping : Mapped "{[/user/countAllUsers]}" onto public java.lang.String movealarm.kmitl.net.UserController.countAllUsers()
2016-05-30 23:55:42.810  INFO 14324 --- [    Test worker] s.w.s.m.m.a.RequestMappingHandlerMapping : Mapped "{[/user/loginFacebook]}" onto public java.lang.String movealarm.kmitl.net.UserController.loginFacebook(java.lang.String,java.lang.String)
2016-05-30 23:55:42.810  INFO 14324 --- [    Test worker] s.w.s.m.m.a.RequestMappingHandlerMapping : Mapped "{[/user/findByRank]}" onto public java.lang.String movealarm.kmitl.net.UserController.findByRank(int,int)
2016-05-30 23:55:42.810  INFO 14324 --- [    Test worker] s.w.s.m.m.a.RequestMappingHandlerMapping : Mapped "{[/user/increaseScore]}" onto public java.lang.String movealarm.kmitl.net.UserController.increaseScore(java.lang.String)
2016-05-30 23:55:42.811  INFO 14324 --- [    Test worker] s.w.s.m.m.a.RequestMappingHandlerMapping : Mapped "{[/user/decreaseScore]}" onto public java.lang.String movealarm.kmitl.net.UserController.decreaseScore(java.lang.String)
2016-05-30 23:55:42.811  INFO 14324 --- [    Test worker] s.w.s.m.m.a.RequestMappingHandlerMapping : Mapped "{[/user/resetScore]}" onto public java.lang.String movealarm.kmitl.net.UserController.resetScore(java.lang.String)
2016-05-30 23:55:42.811  INFO 14324 --- [    Test worker] s.w.s.m.m.a.RequestMappingHandlerMapping : Mapped "{[/user/findByID]}" onto public java.lang.String movealarm.kmitl.net.UserController.findByID(int)
2016-05-30 23:55:42.811  INFO 14324 --- [    Test worker] s.w.s.m.m.a.RequestMappingHandlerMapping : Mapped "{[/user/findByWhere]}" onto public java.lang.String movealarm.kmitl.net.UserController.where(java.lang.String,java.lang.String,java.lang.String)
2016-05-30 23:55:42.811  INFO 14324 --- [    Test worker] s.w.s.m.m.a.RequestMappingHandlerMapping : Mapped "{[/user/delete]}" onto public java.lang.String movealarm.kmitl.net.UserController.delete(java.lang.String)
2016-05-30 23:55:42.812  INFO 14324 --- [    Test worker] s.w.s.m.m.a.RequestMappingHandlerMapping : Mapped "{[/user/getAllUsers]}" onto public java.lang.String movealarm.kmitl.net.UserController.all()
2016-05-30 23:55:42.812  INFO 14324 --- [    Test worker] s.w.s.m.m.a.RequestMappingHandlerMapping : Mapped "{[/groupProgress/getAllGroupLogs]}" onto public java.lang.String movealarm.kmitl.net.GroupProgressController.getAllLog(java.lang.String)
2016-05-30 23:55:42.813  INFO 14324 --- [    Test worker] s.w.s.m.m.a.RequestMappingHandlerMapping : Mapped "{[/groupProgress/getByDate]}" onto public java.lang.String movealarm.kmitl.net.GroupProgressController.getByDate(java.lang.String)
2016-05-30 23:55:42.813  INFO 14324 --- [    Test worker] s.w.s.m.m.a.RequestMappingHandlerMapping : Mapped "{[/groupProgress/getByGroup]}" onto public java.lang.String movealarm.kmitl.net.GroupProgressController.getByGroup(java.lang.String)
2016-05-30 23:55:42.813  INFO 14324 --- [    Test worker] s.w.s.m.m.a.RequestMappingHandlerMapping : Mapped "{[/groupProgress/save]}" onto public java.lang.String movealarm.kmitl.net.GroupProgressController.updateProgress(java.lang.String)
2016-05-30 23:55:42.814  INFO 14324 --- [    Test worker] s.w.s.m.m.a.RequestMappingHandlerMapping : Mapped "{[/event/getEventFixedTime]}" onto public java.lang.String movealarm.kmitl.net.EventController.getEventFixedTime(int,int)
2016-05-30 23:55:42.814  INFO 14324 --- [    Test worker] s.w.s.m.m.a.RequestMappingHandlerMapping : Mapped "{[/event/getEvent]}" onto public java.lang.String movealarm.kmitl.net.EventController.genEvent()
2016-05-30 23:55:42.816  INFO 14324 --- [    Test worker] s.w.s.m.m.a.RequestMappingHandlerMapping : Mapped "{[/error],produces=[text/html]}" onto public org.springframework.web.servlet.ModelAndView org.springframework.boot.autoconfigure.web.BasicErrorController.errorHtml(javax.servlet.http.HttpServletRequest)
2016-05-30 23:55:42.816  INFO 14324 --- [    Test worker] s.w.s.m.m.a.RequestMappingHandlerMapping : Mapped "{[/error]}" onto public org.springframework.http.ResponseEntity<java.util.Map<java.lang.String, java.lang.Object>> org.springframework.boot.autoconfigure.web.BasicErrorController.error(javax.servlet.http.HttpServletRequest)
2016-05-30 23:55:42.855  INFO 14324 --- [    Test worker] o.s.w.s.handler.SimpleUrlHandlerMapping  : Mapped URL path [/webjars/**] onto handler of type [class org.springframework.web.servlet.resource.ResourceHttpRequestHandler]
2016-05-30 23:55:42.857  INFO 14324 --- [    Test worker] o.s.w.s.handler.SimpleUrlHandlerMapping  : Mapped URL path [/**] onto handler of type [class org.springframework.web.servlet.resource.ResourceHttpRequestHandler]
2016-05-30 23:55:42.908  INFO 14324 --- [    Test worker] o.s.w.s.handler.SimpleUrlHandlerMapping  : Mapped URL path [/**/favicon.ico] onto handler of type [class org.springframework.web.servlet.resource.ResourceHttpRequestHandler]
2016-05-30 23:55:43.340  INFO 14324 --- [    Test worker] o.s.b.a.e.mvc.EndpointHandlerMapping     : Mapped "{[/health]}" onto public java.lang.Object org.springframework.boot.actuate.endpoint.mvc.HealthMvcEndpoint.invoke(java.security.Principal)
2016-05-30 23:55:43.343  INFO 14324 --- [    Test worker] o.s.b.a.e.mvc.EndpointHandlerMapping     : Mapped "{[/trace],methods=[GET]}" onto public java.lang.Object org.springframework.boot.actuate.endpoint.mvc.EndpointMvcAdapter.invoke()
2016-05-30 23:55:43.344  INFO 14324 --- [    Test worker] o.s.b.a.e.mvc.EndpointHandlerMapping     : Mapped "{[/dump],methods=[GET]}" onto public java.lang.Object org.springframework.boot.actuate.endpoint.mvc.EndpointMvcAdapter.invoke()
2016-05-30 23:55:43.345  INFO 14324 --- [    Test worker] o.s.b.a.e.mvc.EndpointHandlerMapping     : Mapped "{[/metrics/{name:.*}],methods=[GET]}" onto public java.lang.Object org.springframework.boot.actuate.endpoint.mvc.MetricsMvcEndpoint.value(java.lang.String)
2016-05-30 23:55:43.345  INFO 14324 --- [    Test worker] o.s.b.a.e.mvc.EndpointHandlerMapping     : Mapped "{[/metrics],methods=[GET]}" onto public java.lang.Object org.springframework.boot.actuate.endpoint.mvc.EndpointMvcAdapter.invoke()
2016-05-30 23:55:43.346  INFO 14324 --- [    Test worker] o.s.b.a.e.mvc.EndpointHandlerMapping     : Mapped "{[/env/{name:.*}],methods=[GET]}" onto public java.lang.Object org.springframework.boot.actuate.endpoint.mvc.EnvironmentMvcEndpoint.value(java.lang.String)
2016-05-30 23:55:43.346  INFO 14324 --- [    Test worker] o.s.b.a.e.mvc.EndpointHandlerMapping     : Mapped "{[/env],methods=[GET]}" onto public java.lang.Object org.springframework.boot.actuate.endpoint.mvc.EndpointMvcAdapter.invoke()
2016-05-30 23:55:43.346  INFO 14324 --- [    Test worker] o.s.b.a.e.mvc.EndpointHandlerMapping     : Mapped "{[/mappings],methods=[GET]}" onto public java.lang.Object org.springframework.boot.actuate.endpoint.mvc.EndpointMvcAdapter.invoke()
2016-05-30 23:55:43.347  INFO 14324 --- [    Test worker] o.s.b.a.e.mvc.EndpointHandlerMapping     : Mapped "{[/beans],methods=[GET]}" onto public java.lang.Object org.springframework.boot.actuate.endpoint.mvc.EndpointMvcAdapter.invoke()
2016-05-30 23:55:43.347  INFO 14324 --- [    Test worker] o.s.b.a.e.mvc.EndpointHandlerMapping     : Mapped "{[/autoconfig],methods=[GET]}" onto public java.lang.Object org.springframework.boot.actuate.endpoint.mvc.EndpointMvcAdapter.invoke()
2016-05-30 23:55:43.347  INFO 14324 --- [    Test worker] o.s.b.a.e.mvc.EndpointHandlerMapping     : Mapped "{[/configprops],methods=[GET]}" onto public java.lang.Object org.springframework.boot.actuate.endpoint.mvc.EndpointMvcAdapter.invoke()
2016-05-30 23:55:43.348  INFO 14324 --- [    Test worker] o.s.b.a.e.mvc.EndpointHandlerMapping     : Mapped "{[/info],methods=[GET]}" onto public java.lang.Object org.springframework.boot.actuate.endpoint.mvc.EndpointMvcAdapter.invoke()
2016-05-30 23:55:43.406  INFO 14324 --- [    Test worker] m.k.net.MoveAlarmServerApplicationTests  : Started MoveAlarmServerApplicationTests in 3.852 seconds (JVM running for 4.996)
]]></system-out>
  <system-err><![CDATA[]]></system-err>
</testsuite>
