<?xml version="1.0" encoding="UTF-8"?>
<testsuite name="movealarm.kmitl.net.MoveAlarmServerApplicationTests" tests="1" skipped="0" failures="0" errors="0" timestamp="2016-05-23T05:33:06" hostname="oatLatitude" time="0.004">
  <properties/>
  <testcase name="contextLoads" classname="movealarm.kmitl.net.MoveAlarmServerApplicationTests" time="0.004"/>
  <system-out><![CDATA[12:33:03.005 [Test worker] DEBUG o.s.t.c.j.SpringJUnit4ClassRunner - SpringJUnit4ClassRunner constructor called with [class movealarm.kmitl.net.MoveAlarmServerApplicationTests].
12:33:03.013 [Test worker] DEBUG o.s.test.context.BootstrapUtils - Instantiating TestContextBootstrapper from class [org.springframework.test.context.web.WebTestContextBootstrapper]
12:33:03.030 [Test worker] DEBUG o.s.t.c.w.WebTestContextBootstrapper - Found explicit ContextLoader class [org.springframework.boot.test.SpringApplicationContextLoader] for context configuration attributes [ContextConfigurationAttributes@f4a70d6 declaringClass = 'movealarm.kmitl.net.MoveAlarmServerApplicationTests', classes = '{class movealarm.kmitl.net.MoveAlarmServerApplication}', locations = '{}', inheritLocations = true, initializers = '{}', inheritInitializers = true, name = [null], contextLoaderClass = 'org.springframework.boot.test.SpringApplicationContextLoader']
12:33:03.035 [Test worker] DEBUG o.s.t.c.support.ActiveProfilesUtils - Could not find an 'annotation declaring class' for annotation type [org.springframework.test.context.ActiveProfiles] and class [movealarm.kmitl.net.MoveAlarmServerApplicationTests]
12:33:03.039 [Test worker] DEBUG o.s.t.c.w.WebTestContextBootstrapper - @TestExecutionListeners is not present for class [movealarm.kmitl.net.MoveAlarmServerApplicationTests]: using defaults.
12:33:03.049 [Test worker] INFO  o.s.t.c.w.WebTestContextBootstrapper - Loaded default TestExecutionListener class names from location [META-INF/spring.factories]: [org.springframework.test.context.web.ServletTestExecutionListener, org.springframework.test.context.support.DependencyInjectionTestExecutionListener, org.springframework.test.context.support.DirtiesContextTestExecutionListener, org.springframework.test.context.transaction.TransactionalTestExecutionListener, org.springframework.test.context.jdbc.SqlScriptsTestExecutionListener]
12:33:03.055 [Test worker] INFO  o.s.t.c.w.WebTestContextBootstrapper - Could not instantiate TestExecutionListener [org.springframework.test.context.jdbc.SqlScriptsTestExecutionListener]. Specify custom listener classes or make the default listener classes (and their required dependencies) available. Offending class: [org/springframework/transaction/interceptor/TransactionAttribute]
12:33:03.059 [Test worker] INFO  o.s.t.c.w.WebTestContextBootstrapper - Could not instantiate TestExecutionListener [org.springframework.test.context.transaction.TransactionalTestExecutionListener]. Specify custom listener classes or make the default listener classes (and their required dependencies) available. Offending class: [org/springframework/transaction/TransactionDefinition]
12:33:03.063 [Test worker] INFO  o.s.t.c.w.WebTestContextBootstrapper - Using TestExecutionListeners: [org.springframework.test.context.web.ServletTestExecutionListener@2b87e07e, org.springframework.test.context.support.DependencyInjectionTestExecutionListener@5e751a6a, org.springframework.test.context.support.DirtiesContextTestExecutionListener@e239718]
12:33:03.066 [Test worker] DEBUG o.s.t.annotation.ProfileValueUtils - Retrieved @ProfileValueSourceConfiguration [null] for test class [movealarm.kmitl.net.MoveAlarmServerApplicationTests]
12:33:03.067 [Test worker] DEBUG o.s.t.annotation.ProfileValueUtils - Retrieved ProfileValueSource type [class org.springframework.test.annotation.SystemProfileValueSource] for class [movealarm.kmitl.net.MoveAlarmServerApplicationTests]
12:33:03.071 [Test worker] DEBUG o.s.t.annotation.ProfileValueUtils - Retrieved @ProfileValueSourceConfiguration [null] for test class [movealarm.kmitl.net.MoveAlarmServerApplicationTests]
12:33:03.071 [Test worker] DEBUG o.s.t.annotation.ProfileValueUtils - Retrieved ProfileValueSource type [class org.springframework.test.annotation.SystemProfileValueSource] for class [movealarm.kmitl.net.MoveAlarmServerApplicationTests]
12:33:03.072 [Test worker] DEBUG o.s.t.annotation.ProfileValueUtils - Retrieved @ProfileValueSourceConfiguration [null] for test class [movealarm.kmitl.net.MoveAlarmServerApplicationTests]
12:33:03.072 [Test worker] DEBUG o.s.t.annotation.ProfileValueUtils - Retrieved ProfileValueSource type [class org.springframework.test.annotation.SystemProfileValueSource] for class [movealarm.kmitl.net.MoveAlarmServerApplicationTests]
12:33:03.075 [Test worker] DEBUG o.s.t.annotation.ProfileValueUtils - Retrieved @ProfileValueSourceConfiguration [null] for test class [movealarm.kmitl.net.MoveAlarmServerApplicationTests]
12:33:03.075 [Test worker] DEBUG o.s.t.annotation.ProfileValueUtils - Retrieved ProfileValueSource type [class org.springframework.test.annotation.SystemProfileValueSource] for class [movealarm.kmitl.net.MoveAlarmServerApplicationTests]
12:33:03.151 [Test worker] DEBUG o.s.core.env.StandardEnvironment - Adding [systemProperties] PropertySource with lowest search precedence
12:33:03.153 [Test worker] DEBUG o.s.core.env.StandardEnvironment - Adding [systemEnvironment] PropertySource with lowest search precedence
12:33:03.153 [Test worker] DEBUG o.s.core.env.StandardEnvironment - Initialized StandardEnvironment with PropertySources [systemProperties,systemEnvironment]
12:33:03.155 [Test worker] DEBUG o.s.core.env.StandardEnvironment - Adding [integrationTest] PropertySource with search precedence immediately lower than [systemEnvironment]

  .   ____          _            __ _ _
 /\\ / ___'_ __ _ _(_)_ __  __ _ \ \ \ \
( ( )\___ | '_ | '_| | '_ \/ _` | \ \ \ \
 \\/  ___)| |_)| | | | | || (_| |  ) ) ) )
  '  |____| .__|_| |_|_| |_\__, | / / / /
 =========|_|==============|___/=/_/_/_/
 :: Spring Boot ::        (v1.2.6.RELEASE)

2016-05-23 12:33:03.410  INFO 3272 --- [    Test worker] m.k.net.MoveAlarmServerApplicationTests  : Starting MoveAlarmServerApplicationTests on oatLatitude with PID 3272 (/home/oat/Desktop/Move-Move-Alarm-Server/build/classes/test started by oat in /home/oat/Desktop/Move-Move-Alarm-Server)
2016-05-23 12:33:03.479  INFO 3272 --- [    Test worker] o.s.w.c.s.GenericWebApplicationContext   : Refreshing org.springframework.web.context.support.GenericWebApplicationContext@53600fea: startup date [Mon May 23 12:33:03 ICT 2016]; root of context hierarchy
2016-05-23 12:33:04.173  INFO 3272 --- [    Test worker] o.s.b.f.s.DefaultListableBeanFactory     : Overriding bean definition for bean 'beanNameViewResolver': replacing [Root bean: class [null]; scope=; abstract=false; lazyInit=false; autowireMode=3; dependencyCheck=0; autowireCandidate=true; primary=false; factoryBeanName=org.springframework.boot.autoconfigure.web.ErrorMvcAutoConfiguration$WhitelabelErrorViewConfiguration; factoryMethodName=beanNameViewResolver; initMethodName=null; destroyMethodName=(inferred); defined in class path resource [org/springframework/boot/autoconfigure/web/ErrorMvcAutoConfiguration$WhitelabelErrorViewConfiguration.class]] with [Root bean: class [null]; scope=; abstract=false; lazyInit=false; autowireMode=3; dependencyCheck=0; autowireCandidate=true; primary=false; factoryBeanName=org.springframework.boot.autoconfigure.web.WebMvcAutoConfiguration$WebMvcAutoConfigurationAdapter; factoryMethodName=beanNameViewResolver; initMethodName=null; destroyMethodName=(inferred); defined in class path resource [org/springframework/boot/autoconfigure/web/WebMvcAutoConfiguration$WebMvcAutoConfigurationAdapter.class]]
2016-05-23 12:33:06.028  INFO 3272 --- [    Test worker] s.w.s.m.m.a.RequestMappingHandlerAdapter : Looking for @ControllerAdvice: org.springframework.web.context.support.GenericWebApplicationContext@53600fea: startup date [Mon May 23 12:33:03 ICT 2016]; root of context hierarchy
2016-05-23 12:33:06.102  INFO 3272 --- [    Test worker] s.w.s.m.m.a.RequestMappingHandlerMapping : Mapped "{[/group/findByRank]}" onto public java.lang.String movealarm.kmitl.net.GroupController.findByRank(int,int)
2016-05-23 12:33:06.103  INFO 3272 --- [    Test worker] s.w.s.m.m.a.RequestMappingHandlerMapping : Mapped "{[/group/getGroupRank]}" onto public java.lang.String movealarm.kmitl.net.GroupController.getGroupRank(java.lang.String)
2016-05-23 12:33:06.103  INFO 3272 --- [    Test worker] s.w.s.m.m.a.RequestMappingHandlerMapping : Mapped "{[/group/updateGroup]}" onto public java.lang.String movealarm.kmitl.net.GroupController.updateGroup(java.lang.String)
2016-05-23 12:33:06.103  INFO 3272 --- [    Test worker] s.w.s.m.m.a.RequestMappingHandlerMapping : Mapped "{[/group/deleteMember]}" onto public java.lang.String movealarm.kmitl.net.GroupController.deleteMember(java.lang.String)
2016-05-23 12:33:06.104  INFO 3272 --- [    Test worker] s.w.s.m.m.a.RequestMappingHandlerMapping : Mapped "{[/group/addMember]}" onto public java.lang.String movealarm.kmitl.net.GroupController.addMember(java.lang.String)
2016-05-23 12:33:06.104  INFO 3272 --- [    Test worker] s.w.s.m.m.a.RequestMappingHandlerMapping : Mapped "{[/group/increaseScore]}" onto public java.lang.String movealarm.kmitl.net.GroupController.increaseScore(java.lang.String)
2016-05-23 12:33:06.104  INFO 3272 --- [    Test worker] s.w.s.m.m.a.RequestMappingHandlerMapping : Mapped "{[/group/decreaseScore]}" onto public java.lang.String movealarm.kmitl.net.GroupController.decreaseScore(java.lang.String)
2016-05-23 12:33:06.104  INFO 3272 --- [    Test worker] s.w.s.m.m.a.RequestMappingHandlerMapping : Mapped "{[/group/resetScore]}" onto public java.lang.String movealarm.kmitl.net.GroupController.resetScore(java.lang.String)
2016-05-23 12:33:06.104  INFO 3272 --- [    Test worker] s.w.s.m.m.a.RequestMappingHandlerMapping : Mapped "{[/group/findByID]}" onto public java.lang.String movealarm.kmitl.net.GroupController.findByID(int)
2016-05-23 12:33:06.105  INFO 3272 --- [    Test worker] s.w.s.m.m.a.RequestMappingHandlerMapping : Mapped "{[/group/findByWhere]}" onto public java.lang.String movealarm.kmitl.net.GroupController.where(java.lang.String,java.lang.String,java.lang.String)
2016-05-23 12:33:06.105  INFO 3272 --- [    Test worker] s.w.s.m.m.a.RequestMappingHandlerMapping : Mapped "{[/group/createGroup]}" onto public java.lang.String movealarm.kmitl.net.GroupController.createGroup(java.lang.String)
2016-05-23 12:33:06.105  INFO 3272 --- [    Test worker] s.w.s.m.m.a.RequestMappingHandlerMapping : Mapped "{[/group/delete]}" onto public java.lang.String movealarm.kmitl.net.GroupController.delete(java.lang.String)
2016-05-23 12:33:06.105  INFO 3272 --- [    Test worker] s.w.s.m.m.a.RequestMappingHandlerMapping : Mapped "{[/group/getAllGroups]}" onto public java.lang.String movealarm.kmitl.net.GroupController.all()
2016-05-23 12:33:06.106  INFO 3272 --- [    Test worker] s.w.s.m.m.a.RequestMappingHandlerMapping : Mapped "{[/posture/findByWhere]}" onto public java.lang.String movealarm.kmitl.net.PostureController.findByWhere(java.lang.String,java.lang.String,java.lang.String)
2016-05-23 12:33:06.107  INFO 3272 --- [    Test worker] s.w.s.m.m.a.RequestMappingHandlerMapping : Mapped "{[/posture/getAllPostures]}" onto public java.lang.String movealarm.kmitl.net.PostureController.getAllPostures()
2016-05-23 12:33:06.107  INFO 3272 --- [    Test worker] s.w.s.m.m.a.RequestMappingHandlerMapping : Mapped "{[/posture/addPosture]}" onto public java.lang.String movealarm.kmitl.net.PostureController.addPosture(java.lang.String)
2016-05-23 12:33:06.107  INFO 3272 --- [    Test worker] s.w.s.m.m.a.RequestMappingHandlerMapping : Mapped "{[/posture/editPosture]}" onto public java.lang.String movealarm.kmitl.net.PostureController.editPosture(java.lang.String)
2016-05-23 12:33:06.107  INFO 3272 --- [    Test worker] s.w.s.m.m.a.RequestMappingHandlerMapping : Mapped "{[/posture/remove]}" onto public java.lang.String movealarm.kmitl.net.PostureController.removePosture(java.lang.String)
2016-05-23 12:33:06.107  INFO 3272 --- [    Test worker] s.w.s.m.m.a.RequestMappingHandlerMapping : Mapped "{[/posture/countAllPostures]}" onto public java.lang.String movealarm.kmitl.net.PostureController.countAllPostures()
2016-05-23 12:33:06.107  INFO 3272 --- [    Test worker] s.w.s.m.m.a.RequestMappingHandlerMapping : Mapped "{[/posture/findByID]}" onto public java.lang.String movealarm.kmitl.net.PostureController.findByID(int)
2016-05-23 12:33:06.108  INFO 3272 --- [    Test worker] s.w.s.m.m.a.RequestMappingHandlerMapping : Mapped "{[/test/serverConnection]}" onto public java.lang.String movealarm.kmitl.net.ConnectionTesting.testServerConnection()
2016-05-23 12:33:06.108  INFO 3272 --- [    Test worker] s.w.s.m.m.a.RequestMappingHandlerMapping : Mapped "{[/test/databaseServerConnection]}" onto public java.lang.String movealarm.kmitl.net.ConnectionTesting.testDatabaseServerConnection()
2016-05-23 12:33:06.108  INFO 3272 --- [    Test worker] s.w.s.m.m.a.RequestMappingHandlerMapping : Mapped "{[/test/passParameter]}" onto public java.lang.String movealarm.kmitl.net.ConnectionTesting.testPassParameter(java.lang.String)
2016-05-23 12:33:06.109  INFO 3272 --- [    Test worker] s.w.s.m.m.a.RequestMappingHandlerMapping : Mapped "{[/test/queryingData]}" onto public java.lang.String movealarm.kmitl.net.ConnectionTesting.testQuerying()
2016-05-23 12:33:06.109  INFO 3272 --- [    Test worker] s.w.s.m.m.a.RequestMappingHandlerMapping : Mapped "{[/userProgress/getAllUserLogs]}" onto public java.lang.String movealarm.kmitl.net.UserProgressController.getAllLog(java.lang.String)
2016-05-23 12:33:06.109  INFO 3272 --- [    Test worker] s.w.s.m.m.a.RequestMappingHandlerMapping : Mapped "{[/userProgress/getByDate]}" onto public java.lang.String movealarm.kmitl.net.UserProgressController.getByDate(java.lang.String)
2016-05-23 12:33:06.110  INFO 3272 --- [    Test worker] s.w.s.m.m.a.RequestMappingHandlerMapping : Mapped "{[/userProgress/getByUser]}" onto public java.lang.String movealarm.kmitl.net.UserProgressController.getByUser(java.lang.String)
2016-05-23 12:33:06.110  INFO 3272 --- [    Test worker] s.w.s.m.m.a.RequestMappingHandlerMapping : Mapped "{[/userProgress/save]}" onto public java.lang.String movealarm.kmitl.net.UserProgressController.updateProgress(java.lang.String)
2016-05-23 12:33:06.111  INFO 3272 --- [    Test worker] s.w.s.m.m.a.RequestMappingHandlerMapping : Mapped "{[/user/login]}" onto public java.lang.String movealarm.kmitl.net.UserController.login(java.lang.String,java.lang.String)
2016-05-23 12:33:06.112  INFO 3272 --- [    Test worker] s.w.s.m.m.a.RequestMappingHandlerMapping : Mapped "{[/user/getUserRank]}" onto public java.lang.String movealarm.kmitl.net.UserController.getUserRank(java.lang.String)
2016-05-23 12:33:06.113  INFO 3272 --- [    Test worker] s.w.s.m.m.a.RequestMappingHandlerMapping : Mapped "{[/user/createUser]}" onto public java.lang.String movealarm.kmitl.net.UserController.createUser(java.lang.String)
2016-05-23 12:33:06.113  INFO 3272 --- [    Test worker] s.w.s.m.m.a.RequestMappingHandlerMapping : Mapped "{[/user/updateUser]}" onto public java.lang.String movealarm.kmitl.net.UserController.updateUser(java.lang.String)
2016-05-23 12:33:06.114  INFO 3272 --- [    Test worker] s.w.s.m.m.a.RequestMappingHandlerMapping : Mapped "{[/user/changePassword]}" onto public java.lang.String movealarm.kmitl.net.UserController.changePassword(java.lang.String)
2016-05-23 12:33:06.115  INFO 3272 --- [    Test worker] s.w.s.m.m.a.RequestMappingHandlerMapping : Mapped "{[/user/countAllUsers]}" onto public java.lang.String movealarm.kmitl.net.UserController.countAllUsers()
2016-05-23 12:33:06.115  INFO 3272 --- [    Test worker] s.w.s.m.m.a.RequestMappingHandlerMapping : Mapped "{[/user/loginFacebook]}" onto public java.lang.String movealarm.kmitl.net.UserController.loginFacebook(java.lang.String,java.lang.String)
2016-05-23 12:33:06.116  INFO 3272 --- [    Test worker] s.w.s.m.m.a.RequestMappingHandlerMapping : Mapped "{[/user/findByRank]}" onto public java.lang.String movealarm.kmitl.net.UserController.findByRank(int,int)
2016-05-23 12:33:06.117  INFO 3272 --- [    Test worker] s.w.s.m.m.a.RequestMappingHandlerMapping : Mapped "{[/user/increaseScore]}" onto public java.lang.String movealarm.kmitl.net.UserController.increaseScore(java.lang.String)
2016-05-23 12:33:06.117  INFO 3272 --- [    Test worker] s.w.s.m.m.a.RequestMappingHandlerMapping : Mapped "{[/user/decreaseScore]}" onto public java.lang.String movealarm.kmitl.net.UserController.decreaseScore(java.lang.String)
2016-05-23 12:33:06.118  INFO 3272 --- [    Test worker] s.w.s.m.m.a.RequestMappingHandlerMapping : Mapped "{[/user/resetScore]}" onto public java.lang.String movealarm.kmitl.net.UserController.resetScore(java.lang.String)
2016-05-23 12:33:06.119  INFO 3272 --- [    Test worker] s.w.s.m.m.a.RequestMappingHandlerMapping : Mapped "{[/user/findByID]}" onto public java.lang.String movealarm.kmitl.net.UserController.findByID(int)
2016-05-23 12:33:06.120  INFO 3272 --- [    Test worker] s.w.s.m.m.a.RequestMappingHandlerMapping : Mapped "{[/user/findByWhere]}" onto public java.lang.String movealarm.kmitl.net.UserController.where(java.lang.String,java.lang.String,java.lang.String)
2016-05-23 12:33:06.121  INFO 3272 --- [    Test worker] s.w.s.m.m.a.RequestMappingHandlerMapping : Mapped "{[/user/delete]}" onto public java.lang.String movealarm.kmitl.net.UserController.delete(java.lang.String)
2016-05-23 12:33:06.122  INFO 3272 --- [    Test worker] s.w.s.m.m.a.RequestMappingHandlerMapping : Mapped "{[/user/getAllUsers]}" onto public java.lang.String movealarm.kmitl.net.UserController.all()
2016-05-23 12:33:06.123  INFO 3272 --- [    Test worker] s.w.s.m.m.a.RequestMappingHandlerMapping : Mapped "{[/groupProgress/getAllGroupLogs]}" onto public java.lang.String movealarm.kmitl.net.GroupProgressController.getAllLog(java.lang.String)
2016-05-23 12:33:06.124  INFO 3272 --- [    Test worker] s.w.s.m.m.a.RequestMappingHandlerMapping : Mapped "{[/groupProgress/getByDate]}" onto public java.lang.String movealarm.kmitl.net.GroupProgressController.getByDate(java.lang.String)
2016-05-23 12:33:06.124  INFO 3272 --- [    Test worker] s.w.s.m.m.a.RequestMappingHandlerMapping : Mapped "{[/groupProgress/getByGroup]}" onto public java.lang.String movealarm.kmitl.net.GroupProgressController.getByGroup(java.lang.String)
2016-05-23 12:33:06.125  INFO 3272 --- [    Test worker] s.w.s.m.m.a.RequestMappingHandlerMapping : Mapped "{[/groupProgress/save]}" onto public java.lang.String movealarm.kmitl.net.GroupProgressController.updateProgress(java.lang.String)
2016-05-23 12:33:06.126  INFO 3272 --- [    Test worker] s.w.s.m.m.a.RequestMappingHandlerMapping : Mapped "{[/event/getEvent]}" onto public java.lang.String movealarm.kmitl.net.EventController.genEvent()
2016-05-23 12:33:06.127  INFO 3272 --- [    Test worker] s.w.s.m.m.a.RequestMappingHandlerMapping : Mapped "{[/event/getEventFixedTime]}" onto public java.lang.String movealarm.kmitl.net.EventController.getEventFixedTime(int,int)
2016-05-23 12:33:06.129  INFO 3272 --- [    Test worker] s.w.s.m.m.a.RequestMappingHandlerMapping : Mapped "{[/error],produces=[text/html]}" onto public org.springframework.web.servlet.ModelAndView org.springframework.boot.autoconfigure.web.BasicErrorController.errorHtml(javax.servlet.http.HttpServletRequest)
2016-05-23 12:33:06.130  INFO 3272 --- [    Test worker] s.w.s.m.m.a.RequestMappingHandlerMapping : Mapped "{[/error]}" onto public org.springframework.http.ResponseEntity<java.util.Map<java.lang.String, java.lang.Object>> org.springframework.boot.autoconfigure.web.BasicErrorController.error(javax.servlet.http.HttpServletRequest)
2016-05-23 12:33:06.165  INFO 3272 --- [    Test worker] o.s.w.s.handler.SimpleUrlHandlerMapping  : Mapped URL path [/webjars/**] onto handler of type [class org.springframework.web.servlet.resource.ResourceHttpRequestHandler]
2016-05-23 12:33:06.165  INFO 3272 --- [    Test worker] o.s.w.s.handler.SimpleUrlHandlerMapping  : Mapped URL path [/**] onto handler of type [class org.springframework.web.servlet.resource.ResourceHttpRequestHandler]
2016-05-23 12:33:06.214  INFO 3272 --- [    Test worker] o.s.w.s.handler.SimpleUrlHandlerMapping  : Mapped URL path [/**/favicon.ico] onto handler of type [class org.springframework.web.servlet.resource.ResourceHttpRequestHandler]
2016-05-23 12:33:06.586  INFO 3272 --- [    Test worker] o.s.b.a.e.mvc.EndpointHandlerMapping     : Mapped "{[/health]}" onto public java.lang.Object org.springframework.boot.actuate.endpoint.mvc.HealthMvcEndpoint.invoke(java.security.Principal)
2016-05-23 12:33:06.586  INFO 3272 --- [    Test worker] o.s.b.a.e.mvc.EndpointHandlerMapping     : Mapped "{[/info],methods=[GET]}" onto public java.lang.Object org.springframework.boot.actuate.endpoint.mvc.EndpointMvcAdapter.invoke()
2016-05-23 12:33:06.587  INFO 3272 --- [    Test worker] o.s.b.a.e.mvc.EndpointHandlerMapping     : Mapped "{[/autoconfig],methods=[GET]}" onto public java.lang.Object org.springframework.boot.actuate.endpoint.mvc.EndpointMvcAdapter.invoke()
2016-05-23 12:33:06.587  INFO 3272 --- [    Test worker] o.s.b.a.e.mvc.EndpointHandlerMapping     : Mapped "{[/configprops],methods=[GET]}" onto public java.lang.Object org.springframework.boot.actuate.endpoint.mvc.EndpointMvcAdapter.invoke()
2016-05-23 12:33:06.588  INFO 3272 --- [    Test worker] o.s.b.a.e.mvc.EndpointHandlerMapping     : Mapped "{[/metrics/{name:.*}],methods=[GET]}" onto public java.lang.Object org.springframework.boot.actuate.endpoint.mvc.MetricsMvcEndpoint.value(java.lang.String)
2016-05-23 12:33:06.588  INFO 3272 --- [    Test worker] o.s.b.a.e.mvc.EndpointHandlerMapping     : Mapped "{[/metrics],methods=[GET]}" onto public java.lang.Object org.springframework.boot.actuate.endpoint.mvc.EndpointMvcAdapter.invoke()
2016-05-23 12:33:06.588  INFO 3272 --- [    Test worker] o.s.b.a.e.mvc.EndpointHandlerMapping     : Mapped "{[/env/{name:.*}],methods=[GET]}" onto public java.lang.Object org.springframework.boot.actuate.endpoint.mvc.EnvironmentMvcEndpoint.value(java.lang.String)
2016-05-23 12:33:06.589  INFO 3272 --- [    Test worker] o.s.b.a.e.mvc.EndpointHandlerMapping     : Mapped "{[/env],methods=[GET]}" onto public java.lang.Object org.springframework.boot.actuate.endpoint.mvc.EndpointMvcAdapter.invoke()
2016-05-23 12:33:06.589  INFO 3272 --- [    Test worker] o.s.b.a.e.mvc.EndpointHandlerMapping     : Mapped "{[/beans],methods=[GET]}" onto public java.lang.Object org.springframework.boot.actuate.endpoint.mvc.EndpointMvcAdapter.invoke()
2016-05-23 12:33:06.589  INFO 3272 --- [    Test worker] o.s.b.a.e.mvc.EndpointHandlerMapping     : Mapped "{[/dump],methods=[GET]}" onto public java.lang.Object org.springframework.boot.actuate.endpoint.mvc.EndpointMvcAdapter.invoke()
2016-05-23 12:33:06.590  INFO 3272 --- [    Test worker] o.s.b.a.e.mvc.EndpointHandlerMapping     : Mapped "{[/mappings],methods=[GET]}" onto public java.lang.Object org.springframework.boot.actuate.endpoint.mvc.EndpointMvcAdapter.invoke()
2016-05-23 12:33:06.590  INFO 3272 --- [    Test worker] o.s.b.a.e.mvc.EndpointHandlerMapping     : Mapped "{[/trace],methods=[GET]}" onto public java.lang.Object org.springframework.boot.actuate.endpoint.mvc.EndpointMvcAdapter.invoke()
2016-05-23 12:33:06.645  INFO 3272 --- [    Test worker] m.k.net.MoveAlarmServerApplicationTests  : Started MoveAlarmServerApplicationTests in 3.46 seconds (JVM running for 4.623)
]]></system-out>
  <system-err><![CDATA[]]></system-err>
</testsuite>
