<?xml version="1.0" encoding="UTF-8"?>
<testsuite name="movealarm.kmitl.net.MoveAlarmServerApplicationTests" tests="1" skipped="0" failures="0" errors="0" timestamp="2016-02-14T18:53:56" hostname="DivaLatitude" time="0.003">
  <properties/>
  <testcase name="contextLoads" classname="movealarm.kmitl.net.MoveAlarmServerApplicationTests" time="0.003"/>
  <system-out><![CDATA[01:53:52.060 [Test worker] DEBUG o.s.t.c.j.SpringJUnit4ClassRunner - SpringJUnit4ClassRunner constructor called with [class movealarm.kmitl.net.MoveAlarmServerApplicationTests].
01:53:52.076 [Test worker] DEBUG o.s.test.context.BootstrapUtils - Instantiating TestContextBootstrapper from class [org.springframework.test.context.web.WebTestContextBootstrapper]
01:53:52.109 [Test worker] DEBUG o.s.t.c.w.WebTestContextBootstrapper - Found explicit ContextLoader class [org.springframework.boot.test.SpringApplicationContextLoader] for context configuration attributes [ContextConfigurationAttributes@2030bf77 declaringClass = 'movealarm.kmitl.net.MoveAlarmServerApplicationTests', classes = '{class movealarm.kmitl.net.MoveAlarmServerApplication}', locations = '{}', inheritLocations = true, initializers = '{}', inheritInitializers = true, name = [null], contextLoaderClass = 'org.springframework.boot.test.SpringApplicationContextLoader']
01:53:52.122 [Test worker] DEBUG o.s.t.c.support.ActiveProfilesUtils - Could not find an 'annotation declaring class' for annotation type [org.springframework.test.context.ActiveProfiles] and class [movealarm.kmitl.net.MoveAlarmServerApplicationTests]
01:53:52.131 [Test worker] DEBUG o.s.t.c.w.WebTestContextBootstrapper - @TestExecutionListeners is not present for class [movealarm.kmitl.net.MoveAlarmServerApplicationTests]: using defaults.
01:53:52.147 [Test worker] INFO  o.s.t.c.w.WebTestContextBootstrapper - Loaded default TestExecutionListener class names from location [META-INF/spring.factories]: [org.springframework.test.context.web.ServletTestExecutionListener, org.springframework.test.context.support.DependencyInjectionTestExecutionListener, org.springframework.test.context.support.DirtiesContextTestExecutionListener, org.springframework.test.context.transaction.TransactionalTestExecutionListener, org.springframework.test.context.jdbc.SqlScriptsTestExecutionListener]
01:53:52.158 [Test worker] INFO  o.s.t.c.w.WebTestContextBootstrapper - Could not instantiate TestExecutionListener [org.springframework.test.context.jdbc.SqlScriptsTestExecutionListener]. Specify custom listener classes or make the default listener classes (and their required dependencies) available. Offending class: [org/springframework/transaction/interceptor/TransactionAttribute]
01:53:52.159 [Test worker] INFO  o.s.t.c.w.WebTestContextBootstrapper - Could not instantiate TestExecutionListener [org.springframework.test.context.transaction.TransactionalTestExecutionListener]. Specify custom listener classes or make the default listener classes (and their required dependencies) available. Offending class: [org/springframework/transaction/interceptor/TransactionAttributeSource]
01:53:52.170 [Test worker] INFO  o.s.t.c.w.WebTestContextBootstrapper - Using TestExecutionListeners: [org.springframework.test.context.web.ServletTestExecutionListener@64153dbc, org.springframework.test.context.support.DependencyInjectionTestExecutionListener@3e640bf4, org.springframework.test.context.support.DirtiesContextTestExecutionListener@26a8704f]
01:53:52.173 [Test worker] DEBUG o.s.t.annotation.ProfileValueUtils - Retrieved @ProfileValueSourceConfiguration [null] for test class [movealarm.kmitl.net.MoveAlarmServerApplicationTests]
01:53:52.175 [Test worker] DEBUG o.s.t.annotation.ProfileValueUtils - Retrieved ProfileValueSource type [class org.springframework.test.annotation.SystemProfileValueSource] for class [movealarm.kmitl.net.MoveAlarmServerApplicationTests]
01:53:52.180 [Test worker] DEBUG o.s.t.annotation.ProfileValueUtils - Retrieved @ProfileValueSourceConfiguration [null] for test class [movealarm.kmitl.net.MoveAlarmServerApplicationTests]
01:53:52.180 [Test worker] DEBUG o.s.t.annotation.ProfileValueUtils - Retrieved ProfileValueSource type [class org.springframework.test.annotation.SystemProfileValueSource] for class [movealarm.kmitl.net.MoveAlarmServerApplicationTests]
01:53:52.181 [Test worker] DEBUG o.s.t.annotation.ProfileValueUtils - Retrieved @ProfileValueSourceConfiguration [null] for test class [movealarm.kmitl.net.MoveAlarmServerApplicationTests]
01:53:52.182 [Test worker] DEBUG o.s.t.annotation.ProfileValueUtils - Retrieved ProfileValueSource type [class org.springframework.test.annotation.SystemProfileValueSource] for class [movealarm.kmitl.net.MoveAlarmServerApplicationTests]
01:53:52.185 [Test worker] DEBUG o.s.t.annotation.ProfileValueUtils - Retrieved @ProfileValueSourceConfiguration [null] for test class [movealarm.kmitl.net.MoveAlarmServerApplicationTests]
01:53:52.185 [Test worker] DEBUG o.s.t.annotation.ProfileValueUtils - Retrieved ProfileValueSource type [class org.springframework.test.annotation.SystemProfileValueSource] for class [movealarm.kmitl.net.MoveAlarmServerApplicationTests]
01:53:52.293 [Test worker] DEBUG o.s.core.env.StandardEnvironment - Adding [systemProperties] PropertySource with lowest search precedence
01:53:52.296 [Test worker] DEBUG o.s.core.env.StandardEnvironment - Adding [systemEnvironment] PropertySource with lowest search precedence
01:53:52.296 [Test worker] DEBUG o.s.core.env.StandardEnvironment - Initialized StandardEnvironment with PropertySources [systemProperties,systemEnvironment]
01:53:52.299 [Test worker] DEBUG o.s.core.env.StandardEnvironment - Adding [integrationTest] PropertySource with search precedence immediately lower than [systemEnvironment]

  .   ____          _            __ _ _
 /\\ / ___'_ __ _ _(_)_ __  __ _ \ \ \ \
( ( )\___ | '_ | '_| | '_ \/ _` | \ \ \ \
 \\/  ___)| |_)| | | | | || (_| |  ) ) ) )
  '  |____| .__|_| |_|_| |_\__, | / / / /
 =========|_|==============|___/=/_/_/_/
 :: Spring Boot ::        (v1.2.6.RELEASE)

2016-02-15 01:53:52.619  INFO 9224 --- [    Test worker] m.k.net.MoveAlarmServerApplicationTests  : Starting MoveAlarmServerApplicationTests on DivaLatitude with PID 9224 (D:\work\MoveAlarm\MoveAlarm-Server\build\classes\test started by oat90 in D:\work\MoveAlarm\MoveAlarm-Server)
2016-02-15 01:53:52.692  INFO 9224 --- [    Test worker] o.s.w.c.s.GenericWebApplicationContext   : Refreshing org.springframework.web.context.support.GenericWebApplicationContext@300adc04: startup date [Mon Feb 15 01:53:52 ICT 2016]; root of context hierarchy
2016-02-15 01:53:53.739  INFO 9224 --- [    Test worker] o.s.b.f.s.DefaultListableBeanFactory     : Overriding bean definition for bean 'beanNameViewResolver': replacing [Root bean: class [null]; scope=; abstract=false; lazyInit=false; autowireMode=3; dependencyCheck=0; autowireCandidate=true; primary=false; factoryBeanName=org.springframework.boot.autoconfigure.web.ErrorMvcAutoConfiguration$WhitelabelErrorViewConfiguration; factoryMethodName=beanNameViewResolver; initMethodName=null; destroyMethodName=(inferred); defined in class path resource [org/springframework/boot/autoconfigure/web/ErrorMvcAutoConfiguration$WhitelabelErrorViewConfiguration.class]] with [Root bean: class [null]; scope=; abstract=false; lazyInit=false; autowireMode=3; dependencyCheck=0; autowireCandidate=true; primary=false; factoryBeanName=org.springframework.boot.autoconfigure.web.WebMvcAutoConfiguration$WebMvcAutoConfigurationAdapter; factoryMethodName=beanNameViewResolver; initMethodName=null; destroyMethodName=(inferred); defined in class path resource [org/springframework/boot/autoconfigure/web/WebMvcAutoConfiguration$WebMvcAutoConfigurationAdapter.class]]
2016-02-15 01:53:55.691  INFO 9224 --- [    Test worker] s.w.s.m.m.a.RequestMappingHandlerAdapter : Looking for @ControllerAdvice: org.springframework.web.context.support.GenericWebApplicationContext@300adc04: startup date [Mon Feb 15 01:53:52 ICT 2016]; root of context hierarchy
2016-02-15 01:53:55.767  INFO 9224 --- [    Test worker] s.w.s.m.m.a.RequestMappingHandlerMapping : Mapped "{[/test/queryingData]}" onto public java.lang.String movealarm.kmitl.net.ConnectionTesting.testQuerying()
2016-02-15 01:53:55.767  INFO 9224 --- [    Test worker] s.w.s.m.m.a.RequestMappingHandlerMapping : Mapped "{[/test/serverConnection]}" onto public java.lang.String movealarm.kmitl.net.ConnectionTesting.testServerConnection()
2016-02-15 01:53:55.767  INFO 9224 --- [    Test worker] s.w.s.m.m.a.RequestMappingHandlerMapping : Mapped "{[/test/databaseServerConnection]}" onto public java.lang.String movealarm.kmitl.net.ConnectionTesting.testDatabaseServerConnection()
2016-02-15 01:53:55.767  INFO 9224 --- [    Test worker] s.w.s.m.m.a.RequestMappingHandlerMapping : Mapped "{[/test/passParameter]}" onto public java.lang.String movealarm.kmitl.net.ConnectionTesting.testPassParameter(java.lang.String)
2016-02-15 01:53:55.768  INFO 9224 --- [    Test worker] s.w.s.m.m.a.RequestMappingHandlerMapping : Mapped "{[/event/getEvent]}" onto public java.lang.String movealarm.kmitl.net.EventController.genEvent()
2016-02-15 01:53:55.768  INFO 9224 --- [    Test worker] s.w.s.m.m.a.RequestMappingHandlerMapping : Mapped "{[/event/getEventFixedTime]}" onto public java.lang.String movealarm.kmitl.net.EventController.getEventFixedTime(int,int)
2016-02-15 01:53:55.770  INFO 9224 --- [    Test worker] s.w.s.m.m.a.RequestMappingHandlerMapping : Mapped "{[/group/delete]}" onto public java.lang.String movealarm.kmitl.net.GroupController.delete(java.lang.String)
2016-02-15 01:53:55.771  INFO 9224 --- [    Test worker] s.w.s.m.m.a.RequestMappingHandlerMapping : Mapped "{[/group/getAllGroups]}" onto public java.lang.String movealarm.kmitl.net.GroupController.all()
2016-02-15 01:53:55.771  INFO 9224 --- [    Test worker] s.w.s.m.m.a.RequestMappingHandlerMapping : Mapped "{[/group/createGroup]}" onto public java.lang.String movealarm.kmitl.net.GroupController.createGroup(java.lang.String)
2016-02-15 01:53:55.771  INFO 9224 --- [    Test worker] s.w.s.m.m.a.RequestMappingHandlerMapping : Mapped "{[/group/findByWhere]}" onto public java.lang.String movealarm.kmitl.net.GroupController.where(java.lang.String,java.lang.String,java.lang.String)
2016-02-15 01:53:55.771  INFO 9224 --- [    Test worker] s.w.s.m.m.a.RequestMappingHandlerMapping : Mapped "{[/group/updateGroup]}" onto public java.lang.String movealarm.kmitl.net.GroupController.updateGroup(java.lang.String)
2016-02-15 01:53:55.772  INFO 9224 --- [    Test worker] s.w.s.m.m.a.RequestMappingHandlerMapping : Mapped "{[/group/addMember]}" onto public java.lang.String movealarm.kmitl.net.GroupController.addMember(java.lang.String)
2016-02-15 01:53:55.772  INFO 9224 --- [    Test worker] s.w.s.m.m.a.RequestMappingHandlerMapping : Mapped "{[/group/findByRank]}" onto public java.lang.String movealarm.kmitl.net.GroupController.findByRank(int,int)
2016-02-15 01:53:55.772  INFO 9224 --- [    Test worker] s.w.s.m.m.a.RequestMappingHandlerMapping : Mapped "{[/group/deleteMember]}" onto public java.lang.String movealarm.kmitl.net.GroupController.deleteMember(java.lang.String)
2016-02-15 01:53:55.772  INFO 9224 --- [    Test worker] s.w.s.m.m.a.RequestMappingHandlerMapping : Mapped "{[/group/getGroupRank]}" onto public java.lang.String movealarm.kmitl.net.GroupController.getGroupRank(java.lang.String)
2016-02-15 01:53:55.773  INFO 9224 --- [    Test worker] s.w.s.m.m.a.RequestMappingHandlerMapping : Mapped "{[/group/decreaseScore]}" onto public java.lang.String movealarm.kmitl.net.GroupController.decreaseScore(java.lang.String)
2016-02-15 01:53:55.773  INFO 9224 --- [    Test worker] s.w.s.m.m.a.RequestMappingHandlerMapping : Mapped "{[/group/increaseScore]}" onto public java.lang.String movealarm.kmitl.net.GroupController.increaseScore(java.lang.String)
2016-02-15 01:53:55.773  INFO 9224 --- [    Test worker] s.w.s.m.m.a.RequestMappingHandlerMapping : Mapped "{[/group/resetScore]}" onto public java.lang.String movealarm.kmitl.net.GroupController.resetScore(java.lang.String)
2016-02-15 01:53:55.773  INFO 9224 --- [    Test worker] s.w.s.m.m.a.RequestMappingHandlerMapping : Mapped "{[/group/findByID]}" onto public java.lang.String movealarm.kmitl.net.GroupController.findByID(int)
2016-02-15 01:53:55.774  INFO 9224 --- [    Test worker] s.w.s.m.m.a.RequestMappingHandlerMapping : Mapped "{[/groupProgress/save]}" onto public java.lang.String movealarm.kmitl.net.GroupProgressController.updateProgress(java.lang.String)
2016-02-15 01:53:55.775  INFO 9224 --- [    Test worker] s.w.s.m.m.a.RequestMappingHandlerMapping : Mapped "{[/groupProgress/getByDate]}" onto public java.lang.String movealarm.kmitl.net.GroupProgressController.getByDate(java.lang.String)
2016-02-15 01:53:55.775  INFO 9224 --- [    Test worker] s.w.s.m.m.a.RequestMappingHandlerMapping : Mapped "{[/groupProgress/getAllGroupLogs]}" onto public java.lang.String movealarm.kmitl.net.GroupProgressController.getAllLog(java.lang.String)
2016-02-15 01:53:55.775  INFO 9224 --- [    Test worker] s.w.s.m.m.a.RequestMappingHandlerMapping : Mapped "{[/groupProgress/getByGroup]}" onto public java.lang.String movealarm.kmitl.net.GroupProgressController.getByGroup(java.lang.String)
2016-02-15 01:53:55.777  INFO 9224 --- [    Test worker] s.w.s.m.m.a.RequestMappingHandlerMapping : Mapped "{[/posture/addPosture]}" onto public java.lang.String movealarm.kmitl.net.PostureController.addPosture(java.lang.String)
2016-02-15 01:53:55.778  INFO 9224 --- [    Test worker] s.w.s.m.m.a.RequestMappingHandlerMapping : Mapped "{[/posture/findByWhere]}" onto public java.lang.String movealarm.kmitl.net.PostureController.findByWhere(java.lang.String,java.lang.String,java.lang.String)
2016-02-15 01:53:55.778  INFO 9224 --- [    Test worker] s.w.s.m.m.a.RequestMappingHandlerMapping : Mapped "{[/posture/getAllPostures]}" onto public java.lang.String movealarm.kmitl.net.PostureController.getAllPostures()
2016-02-15 01:53:55.778  INFO 9224 --- [    Test worker] s.w.s.m.m.a.RequestMappingHandlerMapping : Mapped "{[/posture/editPosture]}" onto public java.lang.String movealarm.kmitl.net.PostureController.editPosture(java.lang.String)
2016-02-15 01:53:55.778  INFO 9224 --- [    Test worker] s.w.s.m.m.a.RequestMappingHandlerMapping : Mapped "{[/posture/remove]}" onto public java.lang.String movealarm.kmitl.net.PostureController.removePosture(java.lang.String)
2016-02-15 01:53:55.778  INFO 9224 --- [    Test worker] s.w.s.m.m.a.RequestMappingHandlerMapping : Mapped "{[/posture/findByID]}" onto public java.lang.String movealarm.kmitl.net.PostureController.findByID(int)
2016-02-15 01:53:55.779  INFO 9224 --- [    Test worker] s.w.s.m.m.a.RequestMappingHandlerMapping : Mapped "{[/posture/countAllPostures]}" onto public java.lang.String movealarm.kmitl.net.PostureController.countAllPostures()
2016-02-15 01:53:55.787  INFO 9224 --- [    Test worker] s.w.s.m.m.a.RequestMappingHandlerMapping : Mapped "{[/user/delete]}" onto public java.lang.String movealarm.kmitl.net.UserController.delete(java.lang.String)
2016-02-15 01:53:55.789  INFO 9224 --- [    Test worker] s.w.s.m.m.a.RequestMappingHandlerMapping : Mapped "{[/user/getAllUsers]}" onto public java.lang.String movealarm.kmitl.net.UserController.all()
2016-02-15 01:53:55.792  INFO 9224 --- [    Test worker] s.w.s.m.m.a.RequestMappingHandlerMapping : Mapped "{[/user/login]}" onto public java.lang.String movealarm.kmitl.net.UserController.login(java.lang.String,java.lang.String)
2016-02-15 01:53:55.794  INFO 9224 --- [    Test worker] s.w.s.m.m.a.RequestMappingHandlerMapping : Mapped "{[/user/findByWhere]}" onto public java.lang.String movealarm.kmitl.net.UserController.where(java.lang.String,java.lang.String,java.lang.String)
2016-02-15 01:53:55.795  INFO 9224 --- [    Test worker] s.w.s.m.m.a.RequestMappingHandlerMapping : Mapped "{[/user/findByRank]}" onto public java.lang.String movealarm.kmitl.net.UserController.findByRank(int,int)
2016-02-15 01:53:55.795  INFO 9224 --- [    Test worker] s.w.s.m.m.a.RequestMappingHandlerMapping : Mapped "{[/user/decreaseScore]}" onto public java.lang.String movealarm.kmitl.net.UserController.decreaseScore(java.lang.String)
2016-02-15 01:53:55.795  INFO 9224 --- [    Test worker] s.w.s.m.m.a.RequestMappingHandlerMapping : Mapped "{[/user/increaseScore]}" onto public java.lang.String movealarm.kmitl.net.UserController.increaseScore(java.lang.String)
2016-02-15 01:53:55.796  INFO 9224 --- [    Test worker] s.w.s.m.m.a.RequestMappingHandlerMapping : Mapped "{[/user/resetScore]}" onto public java.lang.String movealarm.kmitl.net.UserController.resetScore(java.lang.String)
2016-02-15 01:53:55.796  INFO 9224 --- [    Test worker] s.w.s.m.m.a.RequestMappingHandlerMapping : Mapped "{[/user/findByID]}" onto public java.lang.String movealarm.kmitl.net.UserController.findByID(int)
2016-02-15 01:53:55.796  INFO 9224 --- [    Test worker] s.w.s.m.m.a.RequestMappingHandlerMapping : Mapped "{[/user/createUser]}" onto public java.lang.String movealarm.kmitl.net.UserController.createUser(java.lang.String)
2016-02-15 01:53:55.797  INFO 9224 --- [    Test worker] s.w.s.m.m.a.RequestMappingHandlerMapping : Mapped "{[/user/countAllUsers]}" onto public java.lang.String movealarm.kmitl.net.UserController.countAllUsers()
2016-02-15 01:53:55.797  INFO 9224 --- [    Test worker] s.w.s.m.m.a.RequestMappingHandlerMapping : Mapped "{[/user/getUserRank]}" onto public java.lang.String movealarm.kmitl.net.UserController.getUserRank(java.lang.String)
2016-02-15 01:53:55.799  INFO 9224 --- [    Test worker] s.w.s.m.m.a.RequestMappingHandlerMapping : Mapped "{[/user/updateUser]}" onto public java.lang.String movealarm.kmitl.net.UserController.updateUser(java.lang.String)
2016-02-15 01:53:55.801  INFO 9224 --- [    Test worker] s.w.s.m.m.a.RequestMappingHandlerMapping : Mapped "{[/user/loginFacebook]}" onto public java.lang.String movealarm.kmitl.net.UserController.loginFacebook(java.lang.String,java.lang.String)
2016-02-15 01:53:55.801  INFO 9224 --- [    Test worker] s.w.s.m.m.a.RequestMappingHandlerMapping : Mapped "{[/user/changePassword]}" onto public java.lang.String movealarm.kmitl.net.UserController.changePassword(java.lang.String)
2016-02-15 01:53:55.804  INFO 9224 --- [    Test worker] s.w.s.m.m.a.RequestMappingHandlerMapping : Mapped "{[/userProgress/save]}" onto public java.lang.String movealarm.kmitl.net.UserProgressController.updateProgress(java.lang.String)
2016-02-15 01:53:55.805  INFO 9224 --- [    Test worker] s.w.s.m.m.a.RequestMappingHandlerMapping : Mapped "{[/userProgress/getByDate]}" onto public java.lang.String movealarm.kmitl.net.UserProgressController.getByDate(java.lang.String)
2016-02-15 01:53:55.805  INFO 9224 --- [    Test worker] s.w.s.m.m.a.RequestMappingHandlerMapping : Mapped "{[/userProgress/getAllUserLogs]}" onto public java.lang.String movealarm.kmitl.net.UserProgressController.getAllLog(java.lang.String)
2016-02-15 01:53:55.806  INFO 9224 --- [    Test worker] s.w.s.m.m.a.RequestMappingHandlerMapping : Mapped "{[/userProgress/getByUser]}" onto public java.lang.String movealarm.kmitl.net.UserProgressController.getByUser(java.lang.String)
2016-02-15 01:53:55.808  INFO 9224 --- [    Test worker] s.w.s.m.m.a.RequestMappingHandlerMapping : Mapped "{[/error]}" onto public org.springframework.http.ResponseEntity<java.util.Map<java.lang.String, java.lang.Object>> org.springframework.boot.autoconfigure.web.BasicErrorController.error(javax.servlet.http.HttpServletRequest)
2016-02-15 01:53:55.812  INFO 9224 --- [    Test worker] s.w.s.m.m.a.RequestMappingHandlerMapping : Mapped "{[/error],produces=[text/html]}" onto public org.springframework.web.servlet.ModelAndView org.springframework.boot.autoconfigure.web.BasicErrorController.errorHtml(javax.servlet.http.HttpServletRequest)
2016-02-15 01:53:55.872  INFO 9224 --- [    Test worker] o.s.w.s.handler.SimpleUrlHandlerMapping  : Mapped URL path [/webjars/**] onto handler of type [class org.springframework.web.servlet.resource.ResourceHttpRequestHandler]
2016-02-15 01:53:55.873  INFO 9224 --- [    Test worker] o.s.w.s.handler.SimpleUrlHandlerMapping  : Mapped URL path [/**] onto handler of type [class org.springframework.web.servlet.resource.ResourceHttpRequestHandler]
2016-02-15 01:53:55.924  INFO 9224 --- [    Test worker] o.s.w.s.handler.SimpleUrlHandlerMapping  : Mapped URL path [/**/favicon.ico] onto handler of type [class org.springframework.web.servlet.resource.ResourceHttpRequestHandler]
2016-02-15 01:53:56.352  INFO 9224 --- [    Test worker] o.s.b.a.e.mvc.EndpointHandlerMapping     : Mapped "{[/health]}" onto public java.lang.Object org.springframework.boot.actuate.endpoint.mvc.HealthMvcEndpoint.invoke(java.security.Principal)
2016-02-15 01:53:56.353  INFO 9224 --- [    Test worker] o.s.b.a.e.mvc.EndpointHandlerMapping     : Mapped "{[/metrics/{name:.*}],methods=[GET]}" onto public java.lang.Object org.springframework.boot.actuate.endpoint.mvc.MetricsMvcEndpoint.value(java.lang.String)
2016-02-15 01:53:56.354  INFO 9224 --- [    Test worker] o.s.b.a.e.mvc.EndpointHandlerMapping     : Mapped "{[/metrics],methods=[GET]}" onto public java.lang.Object org.springframework.boot.actuate.endpoint.mvc.EndpointMvcAdapter.invoke()
2016-02-15 01:53:56.354  INFO 9224 --- [    Test worker] o.s.b.a.e.mvc.EndpointHandlerMapping     : Mapped "{[/autoconfig],methods=[GET]}" onto public java.lang.Object org.springframework.boot.actuate.endpoint.mvc.EndpointMvcAdapter.invoke()
2016-02-15 01:53:56.356  INFO 9224 --- [    Test worker] o.s.b.a.e.mvc.EndpointHandlerMapping     : Mapped "{[/configprops],methods=[GET]}" onto public java.lang.Object org.springframework.boot.actuate.endpoint.mvc.EndpointMvcAdapter.invoke()
2016-02-15 01:53:56.357  INFO 9224 --- [    Test worker] o.s.b.a.e.mvc.EndpointHandlerMapping     : Mapped "{[/mappings],methods=[GET]}" onto public java.lang.Object org.springframework.boot.actuate.endpoint.mvc.EndpointMvcAdapter.invoke()
2016-02-15 01:53:56.358  INFO 9224 --- [    Test worker] o.s.b.a.e.mvc.EndpointHandlerMapping     : Mapped "{[/info],methods=[GET]}" onto public java.lang.Object org.springframework.boot.actuate.endpoint.mvc.EndpointMvcAdapter.invoke()
2016-02-15 01:53:56.359  INFO 9224 --- [    Test worker] o.s.b.a.e.mvc.EndpointHandlerMapping     : Mapped "{[/trace],methods=[GET]}" onto public java.lang.Object org.springframework.boot.actuate.endpoint.mvc.EndpointMvcAdapter.invoke()
2016-02-15 01:53:56.362  INFO 9224 --- [    Test worker] o.s.b.a.e.mvc.EndpointHandlerMapping     : Mapped "{[/env/{name:.*}],methods=[GET]}" onto public java.lang.Object org.springframework.boot.actuate.endpoint.mvc.EnvironmentMvcEndpoint.value(java.lang.String)
2016-02-15 01:53:56.363  INFO 9224 --- [    Test worker] o.s.b.a.e.mvc.EndpointHandlerMapping     : Mapped "{[/env],methods=[GET]}" onto public java.lang.Object org.springframework.boot.actuate.endpoint.mvc.EndpointMvcAdapter.invoke()
2016-02-15 01:53:56.363  INFO 9224 --- [    Test worker] o.s.b.a.e.mvc.EndpointHandlerMapping     : Mapped "{[/dump],methods=[GET]}" onto public java.lang.Object org.springframework.boot.actuate.endpoint.mvc.EndpointMvcAdapter.invoke()
2016-02-15 01:53:56.364  INFO 9224 --- [    Test worker] o.s.b.a.e.mvc.EndpointHandlerMapping     : Mapped "{[/beans],methods=[GET]}" onto public java.lang.Object org.springframework.boot.actuate.endpoint.mvc.EndpointMvcAdapter.invoke()
2016-02-15 01:53:56.429  INFO 9224 --- [    Test worker] m.k.net.MoveAlarmServerApplicationTests  : Started MoveAlarmServerApplicationTests in 4.111 seconds (JVM running for 5.482)
]]></system-out>
  <system-err><![CDATA[]]></system-err>
</testsuite>
